<?xml version="1.0" encoding="UTF-8"?>
<!-- Generated by org.testng.reporters.JUnitReportReporter -->
<testsuite hostname="DESKTOP-NIVEDHYA" failures="0" tests="1" name="tests.LoginTest" time="6.747" errors="0" timestamp="2025-03-22T16:38:33 EDT" skipped="0">
  <testcase classname="tests.LoginTest" name="testValidLogin" time="6.747"/>
</testsuite> <!-- tests.LoginTest -->
